2021-09-14 03:17:32,804     INFO         client_log_config.py     Важная? информация
2021-09-14 03:17:32,804     DEBUG        client_log_config.py     Houston, we have a %s, thorny problem, exc_info=1
2021-09-14 03:17:32,804     DEBUG        client_log_config.py     Отладочная информация
2021-09-14 03:17:32,804     WARNING      client_log_config.py     Предупреждение!
2021-09-14 03:17:32,804     ERROR        client_log_config.py     Где-то ошибка!!
2021-09-14 03:17:32,804     CRITICAL     client_log_config.py     Где-то БОЛЬШАЯ ошибка!!!
2021-09-15 02:38:25,419     INFO         client_log_config.py     Важная? информация
2021-09-15 02:38:25,420     DEBUG        client_log_config.py     Houston, we have a %s, thorny problem, exc_info=1
2021-09-15 02:38:25,420     DEBUG        client_log_config.py     Отладочная информация
2021-09-15 02:38:25,420     WARNING      client_log_config.py     Предупреждение!
2021-09-15 02:38:25,420     ERROR        client_log_config.py     Где-то ошибка!!
2021-09-15 02:38:25,420     CRITICAL     client_log_config.py     Где-то БОЛЬШАЯ ошибка!!!
2021-09-16 16:12:54,856     INFO         client.py                fЗапущен клиент с парамертами: адрес сервера: 127.0.0.1, порт: 7777
2021-09-16 16:12:56,861     CRITICAL     client.py                Не удалось подключиться к серверу 127.0.0.1:7777, В подключении отказано.
2021-09-16 16:14:03,194     INFO         client.py                fЗапущен клиент с парамертами: адрес сервера: 127.0.0.1, порт: 7777
2021-09-16 16:14:03,198     DEBUG        client.py                Пользователь Guest теперь онлайн: отправил сообщение о(presence)
2021-09-16 16:14:03,200     DEBUG        client.py                Обработка сообщения от сервера: {'response': 200}
2021-09-16 16:14:03,200     INFO         client.py                Принят ответ от сервера 200 : OK
2021-09-16 16:14:15,128     INFO         client.py                fЗапущен клиент с парамертами: адрес сервера: 127.0.0.1, порт: 7777
2021-09-16 16:14:15,129     DEBUG        client.py                Пользователь Guest2 теперь онлайн: отправил сообщение о(presence)
2021-09-16 16:14:15,130     DEBUG        client.py                Обработка сообщения от сервера: {'response': 400, 'error': 'Bad Request'}
2021-09-16 16:14:15,130     INFO         client.py                Принят ответ от сервера 400 : Bad Request
2021-09-16 16:15:18,196     INFO         client.py                fЗапущен клиент с парамертами: адрес сервера: 127.0.0.1, порт: 7777
2021-09-16 16:15:18,197     DEBUG        client.py                Пользователь Guest теперь онлайн: отправил сообщение о(presence)
2021-09-16 16:15:18,204     ERROR        client.py                Не удалось декодировать сообщение сервера.
2021-09-16 16:48:47,162     INFO         client.py                fЗапущен клиент с парамертами: адрес сервера: 127.0.0.1, порт: 7777
2021-09-16 16:48:47,164     DEBUG        client.py                Пользователь Guest теперь онлайн: отправил сообщение о(presence)
2021-09-16 16:48:47,169     DEBUG        client.py                Обработка сообщения от сервера: {'response': 200}
2021-09-16 16:48:47,169     INFO         client.py                Принят ответ от сервера 200 : OK
2021-09-16 16:51:49,785     INFO         client.py                fЗапущен клиент с парамертами: адрес сервера: 127.0.0.1, порт: 7777
2021-09-16 16:51:49,787     DEBUG        client.py                Пользователь Guest теперь онлайн: отправил сообщение о(presence)
2021-09-16 16:51:49,788     DEBUG        client.py                Обработка сообщения от сервера: {'response': 400, 'error': 'Bad Request'}
2021-09-16 16:51:49,788     INFO         client.py                Принят ответ от сервера 400 : Bad Request
2021-09-19 01:02:35,698     INFO         client.py                fЗапущен клиент с парамертами: адрес сервера: 127.0.0.1, порт: 7777
2021-09-19 01:02:35,700     DEBUG        client.py                Пользователь Guest теперь онлайн: отправил сообщение о(presence)
2021-09-19 01:02:35,725     DEBUG        custom_decorators.py     Вызвана функция declare_presence c параметрами (), {}. Вызов из модуля __main__.Вызов из функции main
2021-09-19 01:02:35,726     DEBUG        client.py                Обработка сообщения от сервера: {'response': 200}
2021-09-19 01:02:35,726     INFO         client.py                Принят ответ от сервера 200 : OK
2021-09-19 01:09:45,718     DEBUG        custom_decorators.py     Вызвана функция create_arg_parser c параметрами (), {}. Вызов из модуля __main__. Вызов из функции main
2021-09-19 01:09:45,718     INFO         client.py                fЗапущен клиент с парамертами: адрес сервера: 127.0.0.1, порт: 7777
2021-09-19 01:09:45,720     DEBUG        client.py                Пользователь Guest теперь онлайн: отправил сообщение о(presence)
2021-09-19 01:09:45,720     DEBUG        custom_decorators.py     Вызвана функция declare_presence c параметрами (), {}. Вызов из модуля __main__. Вызов из функции main
2021-09-19 01:09:45,721     DEBUG        client.py                Обработка сообщения от сервера: {'response': 200}
2021-09-19 01:09:45,722     DEBUG        custom_decorators.py     Вызвана функция proc_answer c параметрами ({'response': 200},), {}. Вызов из модуля __main__. Вызов из функции main
2021-09-19 01:09:45,722     INFO         client.py                Принят ответ от сервера 200 : OK
2021-09-19 01:09:45,722     DEBUG        custom_decorators.py     Вызвана функция main c параметрами (), {}. Вызов из модуля __main__. Вызов из функции <module>
2021-09-19 01:14:52,859     DEBUG        custom_decorators.py     Вызвана функция create_arg_parser c параметрами (), {}. Вызов из модуля __main__. Вызов из функции main
2021-09-19 01:14:52,860     INFO         client.py                fЗапущен клиент с парамертами: адрес сервера: 127.0.0.1, порт: 7777
2021-09-19 01:14:52,861     DEBUG        client.py                Пользователь Guest теперь онлайн: отправил сообщение о(presence)
2021-09-19 01:14:52,862     DEBUG        custom_decorators.py     Вызвана функция declare_presence c параметрами (), {}. Вызов из модуля __main__. Вызов из функции main
2021-09-19 01:14:52,863     DEBUG        client.py                Обработка сообщения от сервера: {'response': 200}
2021-09-19 01:14:52,864     DEBUG        custom_decorators.py     Вызвана функция proc_answer c параметрами ({'response': 200},), {}. Вызов из модуля __main__. Вызов из функции main
2021-09-19 01:14:52,864     INFO         client.py                Принят ответ от сервера 200 : OK
2021-09-19 01:14:52,864     DEBUG        custom_decorators.py     Вызвана функция main c параметрами (), {}. Вызов из модуля __main__. Вызов из функции <module>
2021-09-19 01:14:56,787     DEBUG        custom_decorators.py     Вызвана функция create_arg_parser c параметрами (), {}. Вызов из модуля __main__. Вызов из функции main
2021-09-19 01:14:56,788     INFO         client.py                fЗапущен клиент с парамертами: адрес сервера: 127.0.0.1, порт: 7777
2021-09-19 01:14:56,789     DEBUG        client.py                Пользователь Guest теперь онлайн: отправил сообщение о(presence)
2021-09-19 01:14:56,790     DEBUG        custom_decorators.py     Вызвана функция declare_presence c параметрами (), {}. Вызов из модуля __main__. Вызов из функции main
2021-09-19 01:14:56,790     DEBUG        client.py                Обработка сообщения от сервера: {'response': 200}
2021-09-19 01:14:56,791     DEBUG        custom_decorators.py     Вызвана функция proc_answer c параметрами ({'response': 200},), {}. Вызов из модуля __main__. Вызов из функции main
2021-09-19 01:14:56,791     INFO         client.py                Принят ответ от сервера 200 : OK
2021-09-19 01:14:56,792     DEBUG        custom_decorators.py     Вызвана функция main c параметрами (), {}. Вызов из модуля __main__. Вызов из функции <module>
2021-09-19 01:16:57,663     DEBUG        custom_decorators.py     Вызвана функция create_arg_parser c параметрами (), {}. Вызов из модуля __main__. Вызов из функции main
2021-09-19 01:16:57,663     INFO         client.py                fЗапущен клиент с парамертами: адрес сервера: 127.0.0.1, порт: 7777
2021-09-19 01:16:57,663     DEBUG        client.py                Пользователь Guest теперь онлайн: отправил сообщение о(presence)
2021-09-19 01:16:57,663     DEBUG        custom_decorators.py     Вызвана функция declare_presence c параметрами (), {}. Вызов из модуля __main__. Вызов из функции main
2021-09-19 01:16:57,663     DEBUG        client.py                Обработка сообщения от сервера: {'response': 200}
2021-09-19 01:16:57,663     DEBUG        custom_decorators.py     Вызвана функция proc_answer c параметрами ({'response': 200},), {}. Вызов из модуля __main__. Вызов из функции main
2021-09-19 01:16:57,663     INFO         client.py                Принят ответ от сервера 200 : OK
2021-09-19 01:16:57,663     DEBUG        custom_decorators.py     Вызвана функция main c параметрами (), {}. Вызов из модуля __main__. Вызов из функции <module>
2021-09-19 01:19:10,037     DEBUG        custom_decorators.py     Вызвана функция create_arg_parser c параметрами (), {}. Вызов из модуля __main__. Вызов из функции main
2021-09-19 01:19:10,037     INFO         client.py                fЗапущен клиент с парамертами: адрес сервера: 127.0.0.1, порт: 7777
2021-09-19 01:19:10,037     DEBUG        client.py                Пользователь Guest теперь онлайн: отправил сообщение о(presence)
2021-09-19 01:19:10,037     DEBUG        custom_decorators.py     Вызвана функция declare_presence c параметрами (), {}. Вызов из модуля __main__. Вызов из функции main
2021-09-19 01:19:10,037     DEBUG        client.py                Обработка сообщения от сервера: {'response': 200}
2021-09-19 01:19:10,037     DEBUG        custom_decorators.py     Вызвана функция proc_answer c параметрами ({'response': 200},), {}. Вызов из модуля __main__. Вызов из функции main
2021-09-19 01:19:10,037     INFO         client.py                Принят ответ от сервера 200 : OK
2021-09-19 01:19:10,037     DEBUG        custom_decorators.py     Вызвана функция main c параметрами (), {}. Вызов из модуля __main__. Вызов из функции <module>
2021-09-20 01:10:50,620     DEBUG        custom_decorators.py     Вызвана функция create_arg_parser c параметрами (), {}. Вызов из модуля __main__. Вызов из функции main
2021-09-20 01:10:50,621     INFO         client.py                fЗапущен клиент с парамертами: адрес сервера: 127.0.0.1, порт: 8777
2021-09-20 01:10:50,622     DEBUG        client.py                Пользователь Guest теперь онлайн: отправил сообщение о(presence)
2021-09-20 01:10:50,623     DEBUG        custom_decorators.py     Вызвана функция declare_presence c параметрами (), {}. Вызов из модуля __main__. Вызов из функции main
2021-09-20 01:10:50,625     DEBUG        client.py                Обработка сообщения от сервера: {'response': 200}
2021-09-20 01:10:50,626     DEBUG        custom_decorators.py     Вызвана функция proc_answer c параметрами ({'response': 200},), {}. Вызов из модуля __main__. Вызов из функции main
2021-09-20 01:10:50,626     INFO         client.py                Принят ответ от сервера 200 : OK
2021-09-20 01:10:50,628     DEBUG        custom_decorators.py     Вызвана функция main c параметрами (), {}. Вызов из модуля __main__. Вызов из функции <module>
